<?xml version="1.0" encoding="UTF-8"?>
<testsuite xmlns:xsi="http://www.w3.org/2001/XMLSchema-instance" xsi:noNamespaceSchemaLocation="https://maven.apache.org/surefire/maven-surefire-plugin/xsd/surefire-test-report.xsd" name="com.examly.springapp.CricketerTest" time="9.117" tests="22" errors="1" skipped="0" failures="0">
  <properties>
    <property name="awt.toolkit" value="sun.awt.X11.XToolkit"/>
    <property name="java.specification.version" value="11"/>
    <property name="sun.cpu.isalist" value=""/>
    <property name="sun.jnu.encoding" value="UTF-8"/>
    <property name="java.class.path" value="/home/coder/project/workspace/springapp/target/test-classes:/home/coder/project/workspace/springapp/target/classes:/home/coder/.m2/repository/org/springframework/boot/spring-boot-starter-data-jpa/2.7.14/spring-boot-starter-data-jpa-2.7.14.jar:/home/coder/.m2/repository/org/springframework/boot/spring-boot-starter-aop/2.7.14/spring-boot-starter-aop-2.7.14.jar:/home/coder/.m2/repository/org/aspectj/aspectjweaver/1.9.7/aspectjweaver-1.9.7.jar:/home/coder/.m2/repository/org/springframework/boot/spring-boot-starter-jdbc/2.7.14/spring-boot-starter-jdbc-2.7.14.jar:/home/coder/.m2/repository/com/zaxxer/HikariCP/4.0.3/HikariCP-4.0.3.jar:/home/coder/.m2/repository/org/springframework/spring-jdbc/5.3.29/spring-jdbc-5.3.29.jar:/home/coder/.m2/repository/jakarta/transaction/jakarta.transaction-api/1.3.3/jakarta.transaction-api-1.3.3.jar:/home/coder/.m2/repository/jakarta/persistence/jakarta.persistence-api/2.2.3/jakarta.persistence-api-2.2.3.jar:/home/coder/.m2/repository/org/hibernate/hibernate-core/5.6.15.Final/hibernate-core-5.6.15.Final.jar:/home/coder/.m2/repository/org/jboss/logging/jboss-logging/3.4.3.Final/jboss-logging-3.4.3.Final.jar:/home/coder/.m2/repository/net/bytebuddy/byte-buddy/1.12.23/byte-buddy-1.12.23.jar:/home/coder/.m2/repository/antlr/antlr/2.7.7/antlr-2.7.7.jar:/home/coder/.m2/repository/org/jboss/jandex/2.4.2.Final/jandex-2.4.2.Final.jar:/home/coder/.m2/repository/com/fasterxml/classmate/1.5.1/classmate-1.5.1.jar:/home/coder/.m2/repository/org/hibernate/common/hibernate-commons-annotations/5.1.2.Final/hibernate-commons-annotations-5.1.2.Final.jar:/home/coder/.m2/repository/org/glassfish/jaxb/jaxb-runtime/2.3.8/jaxb-runtime-2.3.8.jar:/home/coder/.m2/repository/org/glassfish/jaxb/txw2/2.3.8/txw2-2.3.8.jar:/home/coder/.m2/repository/com/sun/istack/istack-commons-runtime/3.0.12/istack-commons-runtime-3.0.12.jar:/home/coder/.m2/repository/org/springframework/data/spring-data-jpa/2.7.14/spring-data-jpa-2.7.14.jar:/home/coder/.m2/repository/org/springframework/data/spring-data-commons/2.7.14/spring-data-commons-2.7.14.jar:/home/coder/.m2/repository/org/springframework/spring-orm/5.3.29/spring-orm-5.3.29.jar:/home/coder/.m2/repository/org/springframework/spring-context/5.3.29/spring-context-5.3.29.jar:/home/coder/.m2/repository/org/springframework/spring-tx/5.3.29/spring-tx-5.3.29.jar:/home/coder/.m2/repository/org/springframework/spring-beans/5.3.29/spring-beans-5.3.29.jar:/home/coder/.m2/repository/org/slf4j/slf4j-api/1.7.36/slf4j-api-1.7.36.jar:/home/coder/.m2/repository/org/springframework/spring-aspects/5.3.29/spring-aspects-5.3.29.jar:/home/coder/.m2/repository/org/springframework/boot/spring-boot-starter/2.7.14/spring-boot-starter-2.7.14.jar:/home/coder/.m2/repository/org/springframework/boot/spring-boot/2.7.14/spring-boot-2.7.14.jar:/home/coder/.m2/repository/org/springframework/boot/spring-boot-autoconfigure/2.7.14/spring-boot-autoconfigure-2.7.14.jar:/home/coder/.m2/repository/org/springframework/boot/spring-boot-starter-logging/2.7.14/spring-boot-starter-logging-2.7.14.jar:/home/coder/.m2/repository/ch/qos/logback/logback-classic/1.2.12/logback-classic-1.2.12.jar:/home/coder/.m2/repository/ch/qos/logback/logback-core/1.2.12/logback-core-1.2.12.jar:/home/coder/.m2/repository/org/apache/logging/log4j/log4j-to-slf4j/2.17.2/log4j-to-slf4j-2.17.2.jar:/home/coder/.m2/repository/org/apache/logging/log4j/log4j-api/2.17.2/log4j-api-2.17.2.jar:/home/coder/.m2/repository/org/slf4j/jul-to-slf4j/1.7.36/jul-to-slf4j-1.7.36.jar:/home/coder/.m2/repository/jakarta/annotation/jakarta.annotation-api/1.3.5/jakarta.annotation-api-1.3.5.jar:/home/coder/.m2/repository/org/springframework/spring-core/5.3.29/spring-core-5.3.29.jar:/home/coder/.m2/repository/org/springframework/spring-jcl/5.3.29/spring-jcl-5.3.29.jar:/home/coder/.m2/repository/org/yaml/snakeyaml/1.30/snakeyaml-1.30.jar:/home/coder/.m2/repository/org/springframework/boot/spring-boot-starter-web/2.7.14/spring-boot-starter-web-2.7.14.jar:/home/coder/.m2/repository/org/springframework/boot/spring-boot-starter-json/2.7.14/spring-boot-starter-json-2.7.14.jar:/home/coder/.m2/repository/com/fasterxml/jackson/datatype/jackson-datatype-jdk8/2.13.5/jackson-datatype-jdk8-2.13.5.jar:/home/coder/.m2/repository/com/fasterxml/jackson/datatype/jackson-datatype-jsr310/2.13.5/jackson-datatype-jsr310-2.13.5.jar:/home/coder/.m2/repository/com/fasterxml/jackson/module/jackson-module-parameter-names/2.13.5/jackson-module-parameter-names-2.13.5.jar:/home/coder/.m2/repository/org/springframework/boot/spring-boot-starter-tomcat/2.7.14/spring-boot-starter-tomcat-2.7.14.jar:/home/coder/.m2/repository/org/apache/tomcat/embed/tomcat-embed-core/9.0.78/tomcat-embed-core-9.0.78.jar:/home/coder/.m2/repository/org/apache/tomcat/embed/tomcat-embed-el/9.0.78/tomcat-embed-el-9.0.78.jar:/home/coder/.m2/repository/org/apache/tomcat/embed/tomcat-embed-websocket/9.0.78/tomcat-embed-websocket-9.0.78.jar:/home/coder/.m2/repository/org/springframework/spring-web/5.3.29/spring-web-5.3.29.jar:/home/coder/.m2/repository/org/springframework/spring-webmvc/5.3.29/spring-webmvc-5.3.29.jar:/home/coder/.m2/repository/org/springframework/spring-expression/5.3.29/spring-expression-5.3.29.jar:/home/coder/.m2/repository/org/springframework/boot/spring-boot-devtools/2.7.14/spring-boot-devtools-2.7.14.jar:/home/coder/.m2/repository/org/springframework/boot/spring-boot-starter-security/2.7.14/spring-boot-starter-security-2.7.14.jar:/home/coder/.m2/repository/org/springframework/spring-aop/5.3.29/spring-aop-5.3.29.jar:/home/coder/.m2/repository/org/springframework/security/spring-security-config/5.7.10/spring-security-config-5.7.10.jar:/home/coder/.m2/repository/org/springframework/security/spring-security-core/5.7.10/spring-security-core-5.7.10.jar:/home/coder/.m2/repository/org/springframework/security/spring-security-crypto/5.7.10/spring-security-crypto-5.7.10.jar:/home/coder/.m2/repository/org/springframework/security/spring-security-web/5.7.10/spring-security-web-5.7.10.jar:/home/coder/.m2/repository/org/projectlombok/lombok/1.18.28/lombok-1.18.28.jar:/home/coder/.m2/repository/org/springframework/boot/spring-boot-starter-test/2.7.14/spring-boot-starter-test-2.7.14.jar:/home/coder/.m2/repository/org/springframework/boot/spring-boot-test/2.7.14/spring-boot-test-2.7.14.jar:/home/coder/.m2/repository/org/springframework/boot/spring-boot-test-autoconfigure/2.7.14/spring-boot-test-autoconfigure-2.7.14.jar:/home/coder/.m2/repository/com/jayway/jsonpath/json-path/2.7.0/json-path-2.7.0.jar:/home/coder/.m2/repository/net/minidev/json-smart/2.4.11/json-smart-2.4.11.jar:/home/coder/.m2/repository/net/minidev/accessors-smart/2.4.11/accessors-smart-2.4.11.jar:/home/coder/.m2/repository/org/ow2/asm/asm/9.3/asm-9.3.jar:/home/coder/.m2/repository/jakarta/xml/bind/jakarta.xml.bind-api/2.3.3/jakarta.xml.bind-api-2.3.3.jar:/home/coder/.m2/repository/jakarta/activation/jakarta.activation-api/1.2.2/jakarta.activation-api-1.2.2.jar:/home/coder/.m2/repository/org/assertj/assertj-core/3.22.0/assertj-core-3.22.0.jar:/home/coder/.m2/repository/org/hamcrest/hamcrest/2.2/hamcrest-2.2.jar:/home/coder/.m2/repository/org/junit/jupiter/junit-jupiter/5.8.2/junit-jupiter-5.8.2.jar:/home/coder/.m2/repository/org/junit/jupiter/junit-jupiter-params/5.8.2/junit-jupiter-params-5.8.2.jar:/home/coder/.m2/repository/org/mockito/mockito-core/4.5.1/mockito-core-4.5.1.jar:/home/coder/.m2/repository/net/bytebuddy/byte-buddy-agent/1.12.23/byte-buddy-agent-1.12.23.jar:/home/coder/.m2/repository/org/objenesis/objenesis/3.2/objenesis-3.2.jar:/home/coder/.m2/repository/org/mockito/mockito-junit-jupiter/4.5.1/mockito-junit-jupiter-4.5.1.jar:/home/coder/.m2/repository/org/skyscreamer/jsonassert/1.5.1/jsonassert-1.5.1.jar:/home/coder/.m2/repository/com/vaadin/external/google/android-json/0.0.20131108.vaadin1/android-json-0.0.20131108.vaadin1.jar:/home/coder/.m2/repository/org/springframework/spring-test/5.3.29/spring-test-5.3.29.jar:/home/coder/.m2/repository/org/xmlunit/xmlunit-core/2.9.1/xmlunit-core-2.9.1.jar:/home/coder/.m2/repository/com/fasterxml/jackson/dataformat/jackson-dataformat-xml/2.13.5/jackson-dataformat-xml-2.13.5.jar:/home/coder/.m2/repository/com/fasterxml/jackson/core/jackson-core/2.13.5/jackson-core-2.13.5.jar:/home/coder/.m2/repository/com/fasterxml/jackson/core/jackson-annotations/2.13.5/jackson-annotations-2.13.5.jar:/home/coder/.m2/repository/com/fasterxml/jackson/core/jackson-databind/2.13.5/jackson-databind-2.13.5.jar:/home/coder/.m2/repository/org/codehaus/woodstox/stax2-api/4.2.1/stax2-api-4.2.1.jar:/home/coder/.m2/repository/com/fasterxml/woodstox/woodstox-core/6.4.0/woodstox-core-6.4.0.jar:/home/coder/.m2/repository/org/springframework/boot/spring-boot-starter-mail/2.6.3/spring-boot-starter-mail-2.6.3.jar:/home/coder/.m2/repository/org/springframework/spring-context-support/5.3.29/spring-context-support-5.3.29.jar:/home/coder/.m2/repository/com/sun/mail/jakarta.mail/1.6.7/jakarta.mail-1.6.7.jar:/home/coder/.m2/repository/com/sun/activation/jakarta.activation/1.2.2/jakarta.activation-1.2.2.jar:/home/coder/.m2/repository/com/mysql/mysql-connector-j/8.0.33/mysql-connector-j-8.0.33.jar:/home/coder/.m2/repository/org/junit/jupiter/junit-jupiter-engine/5.8.2/junit-jupiter-engine-5.8.2.jar:/home/coder/.m2/repository/org/junit/platform/junit-platform-engine/1.8.2/junit-platform-engine-1.8.2.jar:/home/coder/.m2/repository/org/opentest4j/opentest4j/1.2.0/opentest4j-1.2.0.jar:/home/coder/.m2/repository/org/junit/platform/junit-platform-commons/1.8.2/junit-platform-commons-1.8.2.jar:/home/coder/.m2/repository/org/junit/jupiter/junit-jupiter-api/5.8.2/junit-jupiter-api-5.8.2.jar:/home/coder/.m2/repository/org/apiguardian/apiguardian-api/1.1.2/apiguardian-api-1.1.2.jar:/home/coder/.m2/repository/junit/junit/4.12/junit-4.12.jar:/home/coder/.m2/repository/org/hamcrest/hamcrest-core/2.2/hamcrest-core-2.2.jar:"/>
    <property name="java.vm.vendor" value="Alpine"/>
    <property name="sun.arch.data.model" value="64"/>
    <property name="java.vendor.url" value="https://alpinelinux.org/"/>
    <property name="user.timezone" value="GMT"/>
    <property name="java.vm.specification.version" value="11"/>
    <property name="os.name" value="Linux"/>
    <property name="sun.java.launcher" value="SUN_STANDARD"/>
    <property name="user.country" value="US"/>
    <property name="sun.boot.library.path" value="/usr/lib/jvm/java-11-openjdk/lib"/>
    <property name="sun.java.command" value="/home/coder/project/workspace/springapp/target/surefire/surefirebooter9545293339517600014.jar /home/coder/project/workspace/springapp/target/surefire 2023-09-13T07-52-56_554-jvmRun1 surefire2556889858741825415tmp surefire_01721262593693491802tmp"/>
    <property name="jdk.debug" value="release"/>
    <property name="surefire.test.class.path" value="/home/coder/project/workspace/springapp/target/test-classes:/home/coder/project/workspace/springapp/target/classes:/home/coder/.m2/repository/org/springframework/boot/spring-boot-starter-data-jpa/2.7.14/spring-boot-starter-data-jpa-2.7.14.jar:/home/coder/.m2/repository/org/springframework/boot/spring-boot-starter-aop/2.7.14/spring-boot-starter-aop-2.7.14.jar:/home/coder/.m2/repository/org/aspectj/aspectjweaver/1.9.7/aspectjweaver-1.9.7.jar:/home/coder/.m2/repository/org/springframework/boot/spring-boot-starter-jdbc/2.7.14/spring-boot-starter-jdbc-2.7.14.jar:/home/coder/.m2/repository/com/zaxxer/HikariCP/4.0.3/HikariCP-4.0.3.jar:/home/coder/.m2/repository/org/springframework/spring-jdbc/5.3.29/spring-jdbc-5.3.29.jar:/home/coder/.m2/repository/jakarta/transaction/jakarta.transaction-api/1.3.3/jakarta.transaction-api-1.3.3.jar:/home/coder/.m2/repository/jakarta/persistence/jakarta.persistence-api/2.2.3/jakarta.persistence-api-2.2.3.jar:/home/coder/.m2/repository/org/hibernate/hibernate-core/5.6.15.Final/hibernate-core-5.6.15.Final.jar:/home/coder/.m2/repository/org/jboss/logging/jboss-logging/3.4.3.Final/jboss-logging-3.4.3.Final.jar:/home/coder/.m2/repository/net/bytebuddy/byte-buddy/1.12.23/byte-buddy-1.12.23.jar:/home/coder/.m2/repository/antlr/antlr/2.7.7/antlr-2.7.7.jar:/home/coder/.m2/repository/org/jboss/jandex/2.4.2.Final/jandex-2.4.2.Final.jar:/home/coder/.m2/repository/com/fasterxml/classmate/1.5.1/classmate-1.5.1.jar:/home/coder/.m2/repository/org/hibernate/common/hibernate-commons-annotations/5.1.2.Final/hibernate-commons-annotations-5.1.2.Final.jar:/home/coder/.m2/repository/org/glassfish/jaxb/jaxb-runtime/2.3.8/jaxb-runtime-2.3.8.jar:/home/coder/.m2/repository/org/glassfish/jaxb/txw2/2.3.8/txw2-2.3.8.jar:/home/coder/.m2/repository/com/sun/istack/istack-commons-runtime/3.0.12/istack-commons-runtime-3.0.12.jar:/home/coder/.m2/repository/org/springframework/data/spring-data-jpa/2.7.14/spring-data-jpa-2.7.14.jar:/home/coder/.m2/repository/org/springframework/data/spring-data-commons/2.7.14/spring-data-commons-2.7.14.jar:/home/coder/.m2/repository/org/springframework/spring-orm/5.3.29/spring-orm-5.3.29.jar:/home/coder/.m2/repository/org/springframework/spring-context/5.3.29/spring-context-5.3.29.jar:/home/coder/.m2/repository/org/springframework/spring-tx/5.3.29/spring-tx-5.3.29.jar:/home/coder/.m2/repository/org/springframework/spring-beans/5.3.29/spring-beans-5.3.29.jar:/home/coder/.m2/repository/org/slf4j/slf4j-api/1.7.36/slf4j-api-1.7.36.jar:/home/coder/.m2/repository/org/springframework/spring-aspects/5.3.29/spring-aspects-5.3.29.jar:/home/coder/.m2/repository/org/springframework/boot/spring-boot-starter/2.7.14/spring-boot-starter-2.7.14.jar:/home/coder/.m2/repository/org/springframework/boot/spring-boot/2.7.14/spring-boot-2.7.14.jar:/home/coder/.m2/repository/org/springframework/boot/spring-boot-autoconfigure/2.7.14/spring-boot-autoconfigure-2.7.14.jar:/home/coder/.m2/repository/org/springframework/boot/spring-boot-starter-logging/2.7.14/spring-boot-starter-logging-2.7.14.jar:/home/coder/.m2/repository/ch/qos/logback/logback-classic/1.2.12/logback-classic-1.2.12.jar:/home/coder/.m2/repository/ch/qos/logback/logback-core/1.2.12/logback-core-1.2.12.jar:/home/coder/.m2/repository/org/apache/logging/log4j/log4j-to-slf4j/2.17.2/log4j-to-slf4j-2.17.2.jar:/home/coder/.m2/repository/org/apache/logging/log4j/log4j-api/2.17.2/log4j-api-2.17.2.jar:/home/coder/.m2/repository/org/slf4j/jul-to-slf4j/1.7.36/jul-to-slf4j-1.7.36.jar:/home/coder/.m2/repository/jakarta/annotation/jakarta.annotation-api/1.3.5/jakarta.annotation-api-1.3.5.jar:/home/coder/.m2/repository/org/springframework/spring-core/5.3.29/spring-core-5.3.29.jar:/home/coder/.m2/repository/org/springframework/spring-jcl/5.3.29/spring-jcl-5.3.29.jar:/home/coder/.m2/repository/org/yaml/snakeyaml/1.30/snakeyaml-1.30.jar:/home/coder/.m2/repository/org/springframework/boot/spring-boot-starter-web/2.7.14/spring-boot-starter-web-2.7.14.jar:/home/coder/.m2/repository/org/springframework/boot/spring-boot-starter-json/2.7.14/spring-boot-starter-json-2.7.14.jar:/home/coder/.m2/repository/com/fasterxml/jackson/datatype/jackson-datatype-jdk8/2.13.5/jackson-datatype-jdk8-2.13.5.jar:/home/coder/.m2/repository/com/fasterxml/jackson/datatype/jackson-datatype-jsr310/2.13.5/jackson-datatype-jsr310-2.13.5.jar:/home/coder/.m2/repository/com/fasterxml/jackson/module/jackson-module-parameter-names/2.13.5/jackson-module-parameter-names-2.13.5.jar:/home/coder/.m2/repository/org/springframework/boot/spring-boot-starter-tomcat/2.7.14/spring-boot-starter-tomcat-2.7.14.jar:/home/coder/.m2/repository/org/apache/tomcat/embed/tomcat-embed-core/9.0.78/tomcat-embed-core-9.0.78.jar:/home/coder/.m2/repository/org/apache/tomcat/embed/tomcat-embed-el/9.0.78/tomcat-embed-el-9.0.78.jar:/home/coder/.m2/repository/org/apache/tomcat/embed/tomcat-embed-websocket/9.0.78/tomcat-embed-websocket-9.0.78.jar:/home/coder/.m2/repository/org/springframework/spring-web/5.3.29/spring-web-5.3.29.jar:/home/coder/.m2/repository/org/springframework/spring-webmvc/5.3.29/spring-webmvc-5.3.29.jar:/home/coder/.m2/repository/org/springframework/spring-expression/5.3.29/spring-expression-5.3.29.jar:/home/coder/.m2/repository/org/springframework/boot/spring-boot-devtools/2.7.14/spring-boot-devtools-2.7.14.jar:/home/coder/.m2/repository/org/springframework/boot/spring-boot-starter-security/2.7.14/spring-boot-starter-security-2.7.14.jar:/home/coder/.m2/repository/org/springframework/spring-aop/5.3.29/spring-aop-5.3.29.jar:/home/coder/.m2/repository/org/springframework/security/spring-security-config/5.7.10/spring-security-config-5.7.10.jar:/home/coder/.m2/repository/org/springframework/security/spring-security-core/5.7.10/spring-security-core-5.7.10.jar:/home/coder/.m2/repository/org/springframework/security/spring-security-crypto/5.7.10/spring-security-crypto-5.7.10.jar:/home/coder/.m2/repository/org/springframework/security/spring-security-web/5.7.10/spring-security-web-5.7.10.jar:/home/coder/.m2/repository/org/projectlombok/lombok/1.18.28/lombok-1.18.28.jar:/home/coder/.m2/repository/org/springframework/boot/spring-boot-starter-test/2.7.14/spring-boot-starter-test-2.7.14.jar:/home/coder/.m2/repository/org/springframework/boot/spring-boot-test/2.7.14/spring-boot-test-2.7.14.jar:/home/coder/.m2/repository/org/springframework/boot/spring-boot-test-autoconfigure/2.7.14/spring-boot-test-autoconfigure-2.7.14.jar:/home/coder/.m2/repository/com/jayway/jsonpath/json-path/2.7.0/json-path-2.7.0.jar:/home/coder/.m2/repository/net/minidev/json-smart/2.4.11/json-smart-2.4.11.jar:/home/coder/.m2/repository/net/minidev/accessors-smart/2.4.11/accessors-smart-2.4.11.jar:/home/coder/.m2/repository/org/ow2/asm/asm/9.3/asm-9.3.jar:/home/coder/.m2/repository/jakarta/xml/bind/jakarta.xml.bind-api/2.3.3/jakarta.xml.bind-api-2.3.3.jar:/home/coder/.m2/repository/jakarta/activation/jakarta.activation-api/1.2.2/jakarta.activation-api-1.2.2.jar:/home/coder/.m2/repository/org/assertj/assertj-core/3.22.0/assertj-core-3.22.0.jar:/home/coder/.m2/repository/org/hamcrest/hamcrest/2.2/hamcrest-2.2.jar:/home/coder/.m2/repository/org/junit/jupiter/junit-jupiter/5.8.2/junit-jupiter-5.8.2.jar:/home/coder/.m2/repository/org/junit/jupiter/junit-jupiter-params/5.8.2/junit-jupiter-params-5.8.2.jar:/home/coder/.m2/repository/org/mockito/mockito-core/4.5.1/mockito-core-4.5.1.jar:/home/coder/.m2/repository/net/bytebuddy/byte-buddy-agent/1.12.23/byte-buddy-agent-1.12.23.jar:/home/coder/.m2/repository/org/objenesis/objenesis/3.2/objenesis-3.2.jar:/home/coder/.m2/repository/org/mockito/mockito-junit-jupiter/4.5.1/mockito-junit-jupiter-4.5.1.jar:/home/coder/.m2/repository/org/skyscreamer/jsonassert/1.5.1/jsonassert-1.5.1.jar:/home/coder/.m2/repository/com/vaadin/external/google/android-json/0.0.20131108.vaadin1/android-json-0.0.20131108.vaadin1.jar:/home/coder/.m2/repository/org/springframework/spring-test/5.3.29/spring-test-5.3.29.jar:/home/coder/.m2/repository/org/xmlunit/xmlunit-core/2.9.1/xmlunit-core-2.9.1.jar:/home/coder/.m2/repository/com/fasterxml/jackson/dataformat/jackson-dataformat-xml/2.13.5/jackson-dataformat-xml-2.13.5.jar:/home/coder/.m2/repository/com/fasterxml/jackson/core/jackson-core/2.13.5/jackson-core-2.13.5.jar:/home/coder/.m2/repository/com/fasterxml/jackson/core/jackson-annotations/2.13.5/jackson-annotations-2.13.5.jar:/home/coder/.m2/repository/com/fasterxml/jackson/core/jackson-databind/2.13.5/jackson-databind-2.13.5.jar:/home/coder/.m2/repository/org/codehaus/woodstox/stax2-api/4.2.1/stax2-api-4.2.1.jar:/home/coder/.m2/repository/com/fasterxml/woodstox/woodstox-core/6.4.0/woodstox-core-6.4.0.jar:/home/coder/.m2/repository/org/springframework/boot/spring-boot-starter-mail/2.6.3/spring-boot-starter-mail-2.6.3.jar:/home/coder/.m2/repository/org/springframework/spring-context-support/5.3.29/spring-context-support-5.3.29.jar:/home/coder/.m2/repository/com/sun/mail/jakarta.mail/1.6.7/jakarta.mail-1.6.7.jar:/home/coder/.m2/repository/com/sun/activation/jakarta.activation/1.2.2/jakarta.activation-1.2.2.jar:/home/coder/.m2/repository/com/mysql/mysql-connector-j/8.0.33/mysql-connector-j-8.0.33.jar:/home/coder/.m2/repository/org/junit/jupiter/junit-jupiter-engine/5.8.2/junit-jupiter-engine-5.8.2.jar:/home/coder/.m2/repository/org/junit/platform/junit-platform-engine/1.8.2/junit-platform-engine-1.8.2.jar:/home/coder/.m2/repository/org/opentest4j/opentest4j/1.2.0/opentest4j-1.2.0.jar:/home/coder/.m2/repository/org/junit/platform/junit-platform-commons/1.8.2/junit-platform-commons-1.8.2.jar:/home/coder/.m2/repository/org/junit/jupiter/junit-jupiter-api/5.8.2/junit-jupiter-api-5.8.2.jar:/home/coder/.m2/repository/org/apiguardian/apiguardian-api/1.1.2/apiguardian-api-1.1.2.jar:/home/coder/.m2/repository/junit/junit/4.12/junit-4.12.jar:/home/coder/.m2/repository/org/hamcrest/hamcrest-core/2.2/hamcrest-core-2.2.jar:"/>
    <property name="sun.cpu.endian" value="little"/>
    <property name="user.home" value="/home/coder"/>
    <property name="user.language" value="en"/>
    <property name="java.specification.vendor" value="Oracle Corporation"/>
    <property name="java.version.date" value="2023-04-18"/>
    <property name="java.home" value="/usr/lib/jvm/java-11-openjdk"/>
    <property name="file.separator" value="/"/>
    <property name="basedir" value="/home/coder/project/workspace/springapp"/>
    <property name="java.vm.compressedOopsMode" value="32-bit"/>
    <property name="line.separator" value="&#10;"/>
    <property name="java.specification.name" value="Java Platform API Specification"/>
    <property name="java.vm.specification.vendor" value="Oracle Corporation"/>
    <property name="java.awt.graphicsenv" value="sun.awt.X11GraphicsEnvironment"/>
    <property name="surefire.real.class.path" value="/home/coder/project/workspace/springapp/target/surefire/surefirebooter9545293339517600014.jar"/>
    <property name="sun.management.compiler" value="HotSpot 64-Bit Tiered Compilers"/>
    <property name="java.runtime.version" value="11.0.19+7-alpine-r0"/>
    <property name="user.name" value="coder"/>
    <property name="path.separator" value=":"/>
    <property name="os.version" value="5.10.162+"/>
    <property name="java.runtime.name" value="OpenJDK Runtime Environment"/>
    <property name="file.encoding" value="UTF-8"/>
    <property name="java.vm.name" value="OpenJDK 64-Bit Server VM"/>
    <property name="localRepository" value="/home/coder/.m2/repository"/>
    <property name="java.vendor.url.bug" value="https://gitlab.alpinelinux.org/alpine/aports/issues"/>
    <property name="java.io.tmpdir" value="/tmp"/>
    <property name="java.version" value="11.0.19"/>
    <property name="user.dir" value="/home/coder/project/workspace/springapp"/>
    <property name="os.arch" value="amd64"/>
    <property name="java.vm.specification.name" value="Java Virtual Machine Specification"/>
    <property name="java.awt.printerjob" value="sun.print.PSPrinterJob"/>
    <property name="sun.os.patch.level" value="unknown"/>
    <property name="java.library.path" value="/usr/lib/jvm/java-11-openjdk/lib/server:/usr/lib/jvm/java-11-openjdk/lib:/usr/lib/jvm/java-11-openjdk/../lib:/usr/java/packages/lib:/usr/lib64:/lib64:/lib:/usr/lib"/>
    <property name="java.vm.info" value="mixed mode"/>
    <property name="java.vendor" value="Alpine"/>
    <property name="java.vm.version" value="11.0.19+7-alpine-r0"/>
    <property name="sun.io.unicode.encoding" value="UnicodeLittle"/>
    <property name="java.class.version" value="55.0"/>
  </properties>
  <testcase name="PlayerClass" classname="com.examly.springapp.CricketerTest" time="0.162"/>
  <testcase name="UserClass" classname="com.examly.springapp.CricketerTest" time="0.004"/>
  <testcase name="UserClassRepo" classname="com.examly.springapp.CricketerTest" time="0.003"/>
  <testcase name="AdminControllerFile" classname="com.examly.springapp.CricketerTest" time="0.002"/>
  <testcase name="UserControllerFile" classname="com.examly.springapp.CricketerTest" time="0.002"/>
  <testcase name="GetallPlayerList" classname="com.examly.springapp.CricketerTest" time="0.385"/>
  <testcase name="GetallPlayerWithTeam" classname="com.examly.springapp.CricketerTest" time="0.04">
    <error message="Request processing failed; nested exception is java.util.NoSuchElementException: Player is empty" type="org.springframework.web.util.NestedServletException">org.springframework.web.util.NestedServletException: Request processing failed; nested exception is java.util.NoSuchElementException: Player is empty
	at com.examly.springapp.CricketerTest.GetallPlayerWithTeam(CricketerTest.java:181)
Caused by: java.util.NoSuchElementException: Player is empty
	at com.examly.springapp.CricketerTest.GetallPlayerWithTeam(CricketerTest.java:181)
</error>
    <system-out><![CDATA[Hibernate: select player0_.id as id1_0_, player0_.age as age2_0_, player0_.bidding_price as bidding_3_0_, player0_.category as category4_0_, player0_.email as email5_0_, player0_.name as name6_0_, player0_.sold as sold7_0_, player0_.team_id as team_id8_0_ from player player0_
]]></system-out>
  </testcase>
  <testcase name="SpringSecurity" classname="com.examly.springapp.CricketerTest" time="0.004"/>
  <testcase name="Controllerfolder" classname="com.examly.springapp.CricketerTest" time="0.003"/>
  <testcase name="SpringRegisterUser" classname="com.examly.springapp.CricketerTest" time="0.302"/>
  <testcase name="Playeradd" classname="com.examly.springapp.CricketerTest" time="0.037"/>
  <testcase name="Teamadd" classname="com.examly.springapp.CricketerTest" time="0.024"/>
  <testcase name="GetallTeam" classname="com.examly.springapp.CricketerTest" time="0.029"/>
  <testcase name="GetallUnsoldPlayer" classname="com.examly.springapp.CricketerTest" time="0.048"/>
  <testcase name="TeamClassRepo" classname="com.examly.springapp.CricketerTest" time="0"/>
  <testcase name="Configfolder" classname="com.examly.springapp.CricketerTest" time="0.003"/>
  <testcase name="TeamControllerFile" classname="com.examly.springapp.CricketerTest" time="0.002"/>
  <testcase name="GetallSoldPlayer" classname="com.examly.springapp.CricketerTest" time="0.023"/>
  <testcase name="PlayerClassRepo" classname="com.examly.springapp.CricketerTest" time="0"/>
  <testcase name="TestFieldExistence" classname="com.examly.springapp.CricketerTest" time="0"/>
  <testcase name="Springssecurity" classname="com.examly.springapp.CricketerTest" time="0.007"/>
  <testcase name="TeamClass" classname="com.examly.springapp.CricketerTest" time="0.003"/>
</testsuite>